<?xml version="1.0" encoding="UTF-8"?>
<!-- Generated by org.testng.reporters.JUnitReportReporter -->
<testsuite skipped="0" hostname="SandhyaK-PC" name="storeProject.FindingTheLinks" tests="1" failures="0" timestamp="22 Feb 2018 14:23:41 GMT" time="11.088" errors="0">
  <testcase name="FindingLinks" time="11.088" classname="storeProject.FindingTheLinks"/>
</testsuite> <!-- storeProject.FindingTheLinks -->
