<?xml version="1.0" encoding="UTF-8"?>
<!-- Generated by org.testng.reporters.JUnitReportReporter -->
<testsuite skipped="0" hostname="SandhyaK-PC" name="testng.Parameterization" tests="1" failures="0" timestamp="20 Jan 2018 10:34:56 GMT" time="13.307" errors="0">
  <testcase name="login" time="13.307" classname="testng.Parameterization"/>
</testsuite> <!-- testng.Parameterization -->
