<?xml version="1.0" encoding="UTF-8"?>
<!-- Generated by org.testng.reporters.JUnitReportReporter -->
<testsuite skipped="0" hostname="SandhyaK-PC" name="storeProject.LoginintoStore" tests="1" failures="0" timestamp="22 Feb 2018 09:34:38 GMT" time="31.342" errors="0">
  <testcase name="enterusers" time="31.342" classname="storeProject.LoginintoStore"/>
</testsuite> <!-- storeProject.LoginintoStore -->
